<?xml version="1.0" encoding="UTF-8"?>
<!-- Generated by org.testng.reporters.JUnitReportReporter -->
<testsuite hostname="DESKTOP-9RGDTI2" failures="0" tests="1" name="com.pages.AdminPage" time="6.561" errors="0" timestamp="2020-05-13T21:02:05 EDT" skipped="0">
  <testcase classname="com.pages.AdminPage" name="login" time="6.561"/>
</testsuite> <!-- com.pages.AdminPage -->
