<?xml version="1.0" encoding="UTF-8"?>
<!-- Generated by org.testng.reporters.JUnitReportReporter -->
<testsuite hostname="DESKTOP-9RGDTI2" failures="0" tests="2" name="com.pages.loginPage" time="5.220" errors="0" timestamp="2019-09-01T15:17:44 PDT" skipped="0">
  <testcase classname="com.pages.loginPage" name="verifyLogo" time="0.209"/>
  <testcase classname="com.pages.loginPage" name="login" time="5.011"/>
</testsuite> <!-- com.pages.loginPage -->
